<?xml version="1.0" encoding="UTF-8"?>
<!-- Generated by org.testng.reporters.JUnitReportReporter -->
<testsuite hostname="DESKTOP-IDHAMJ1" failures="0" tests="1" name="TC_05_RemoveCart" time="39.992" errors="0" timestamp="2020-09-30T09:56:14 GMT" skipped="0">
  <testcase classname="TC_05_RemoveCart" name="RemoveFromCart" time="39.992"/>
  <system-out/>
</testsuite> <!-- TC_05_RemoveCart -->
