<?xml version="1.0" encoding="UTF-8"?>
<!-- Generated by org.testng.reporters.JUnitReportReporter -->
<testsuite hostname="DESKTOP-IDHAMJ1" failures="0" tests="2" name="TC_04_AddCart" time="41.689" errors="0" timestamp="2020-09-30T09:56:14 GMT" skipped="0">
  <testcase classname="TC_04_AddCart" name="cartcountverification" time="17.053"/>
  <system-out>
Verifying the cart is empty Cart empty  </system-out>
  <testcase classname="TC_04_AddCart" name="cartadditem" time="24.636"/>
  <system-out/>
</testsuite> <!-- TC_04_AddCart -->
