<?xml version="1.0" encoding="UTF-8"?>
<!-- Generated by org.testng.reporters.JUnitReportReporter -->
<testsuite hostname="DESKTOP-IDHAMJ1" failures="0" tests="1" name="TC_02_InvalidLog" time="27.796" errors="0" timestamp="2020-09-30T09:56:14 GMT" skipped="0">
  <testcase classname="TC_02_InvalidLog" name="invalidLogin" time="27.796"/>
  <system-out/>
</testsuite> <!-- TC_02_InvalidLog -->
